<?xml version="1.0" encoding="UTF-8" ?>
<testsuites>
<testsuite name="Player" errors="0" tests="2" failures="2" time="0.016" timestamp="2017-05-04T18:04:39">
  <testcase classname="Player" name="should be able to play a Song" time="0.007"><failure type="expect" message="TypeError: jasmine.addMatchers is not a function">TypeError: jasmine.addMatchers is not a function
    at null.&amp;lt;anonymous&amp;gt; (/home/ubuntu/workspace/test-jasmine/spec/helpers/SpecHelper.js:4:11)
    at jasmine.Block.execute (/home/ubuntu/workspace/node_modules/jasmine-node/lib/jasmine-node/jasmine-1.3.1.js:1145:17)
    at jasmine.Queue.next_ (/home/ubuntu/workspace/node_modules/jasmine-node/lib/jasmine-node/jasmine-1.3.1.js:2177:31)
    at jasmine.Queue.start (/home/ubuntu/workspace/node_modules/jasmine-node/lib/jasmine-node/jasmine-1.3.1.js:2130:8)
    at jasmine.Spec.execute (/home/ubuntu/workspace/node_modules/jasmine-node/lib/jasmine-node/jasmine-1.3.1.js:2458:14)
    at jasmine.Queue.next_ (/home/ubuntu/workspace/node_modules/jasmine-node/lib/jasmine-node/jasmine-1.3.1.js:2177:31)
    at jasmine.Queue.start (/home/ubuntu/workspace/node_modules/jasmine-node/lib/jasmine-node/jasmine-1.3.1.js:2130:8)
    at jasmine.Suite.execute (/home/ubuntu/workspace/node_modules/jasmine-node/lib/jasmine-node/jasmine-1.3.1.js:2604:14)
    at jasmine.Queue.next_ (/home/ubuntu/workspace/node_modules/jasmine-node/lib/jasmine-node/jasmine-1.3.1.js:2177:31)
    at jasmine.Queue.start (/home/ubuntu/workspace/node_modules/jasmine-node/lib/jasmine-node/jasmine-1.3.1.js:2130:8)</failure><failure type="expect" message="ReferenceError: Player is not defined">ReferenceError: Player is not defined
    at null.&amp;lt;anonymous&amp;gt; (/home/ubuntu/workspace/test-jasmine/spec/PlayerSpec.js:6:18)
    at jasmine.Block.execute (/home/ubuntu/workspace/node_modules/jasmine-node/lib/jasmine-node/jasmine-1.3.1.js:1145:17)
    at jasmine.Queue.next_ (/home/ubuntu/workspace/node_modules/jasmine-node/lib/jasmine-node/jasmine-1.3.1.js:2177:31)
    at null._onTimeout (/home/ubuntu/workspace/node_modules/jasmine-node/lib/jasmine-node/jasmine-1.3.1.js:2167:18)
    at Timer.listOnTimeout (timers.js:92:15)</failure><failure type="expect" message="TypeError: Cannot read property &amp;apos;play&amp;apos; of undefined">TypeError: Cannot read property &amp;apos;play&amp;apos; of undefined
    at null.&amp;lt;anonymous&amp;gt; (/home/ubuntu/workspace/test-jasmine/spec/PlayerSpec.js:11:11)
    at jasmine.Block.execute (/home/ubuntu/workspace/node_modules/jasmine-node/lib/jasmine-node/jasmine-1.3.1.js:1145:17)
    at jasmine.Queue.next_ (/home/ubuntu/workspace/node_modules/jasmine-node/lib/jasmine-node/jasmine-1.3.1.js:2177:31)
    at null._onTimeout (/home/ubuntu/workspace/node_modules/jasmine-node/lib/jasmine-node/jasmine-1.3.1.js:2167:18)
    at Timer.listOnTimeout (timers.js:92:15)</failure></testcase>
  <testcase classname="Player" name="tells the current song if the user has made it a favorite" time="0.001"><failure type="expect" message="TypeError: jasmine.addMatchers is not a function">TypeError: jasmine.addMatchers is not a function
    at null.&amp;lt;anonymous&amp;gt; (/home/ubuntu/workspace/test-jasmine/spec/helpers/SpecHelper.js:4:11)
    at jasmine.Block.execute (/home/ubuntu/workspace/node_modules/jasmine-node/lib/jasmine-node/jasmine-1.3.1.js:1145:17)
    at jasmine.Queue.next_ (/home/ubuntu/workspace/node_modules/jasmine-node/lib/jasmine-node/jasmine-1.3.1.js:2177:31)
    at jasmine.Queue.start (/home/ubuntu/workspace/node_modules/jasmine-node/lib/jasmine-node/jasmine-1.3.1.js:2130:8)
    at jasmine.Spec.execute (/home/ubuntu/workspace/node_modules/jasmine-node/lib/jasmine-node/jasmine-1.3.1.js:2458:14)
    at jasmine.Queue.next_ (/home/ubuntu/workspace/node_modules/jasmine-node/lib/jasmine-node/jasmine-1.3.1.js:2177:31)
    at onComplete (/home/ubuntu/workspace/node_modules/jasmine-node/lib/jasmine-node/jasmine-1.3.1.js:2173:18)
    at jasmine.Spec.finish (/home/ubuntu/workspace/node_modules/jasmine-node/lib/jasmine-node/jasmine-1.3.1.js:2432:5)
    at null.onComplete (/home/ubuntu/workspace/node_modules/jasmine-node/lib/jasmine-node/jasmine-1.3.1.js:2459:10)
    at jasmine.Queue.next_ (/home/ubuntu/workspace/node_modules/jasmine-node/lib/jasmine-node/jasmine-1.3.1.js:2187:14)</failure><failure type="expect" message="ReferenceError: Player is not defined">ReferenceError: Player is not defined
    at null.&amp;lt;anonymous&amp;gt; (/home/ubuntu/workspace/test-jasmine/spec/PlayerSpec.js:6:18)
    at jasmine.Block.execute (/home/ubuntu/workspace/node_modules/jasmine-node/lib/jasmine-node/jasmine-1.3.1.js:1145:17)
    at jasmine.Queue.next_ (/home/ubuntu/workspace/node_modules/jasmine-node/lib/jasmine-node/jasmine-1.3.1.js:2177:31)
    at jasmine.Queue.start (/home/ubuntu/workspace/node_modules/jasmine-node/lib/jasmine-node/jasmine-1.3.1.js:2130:8)
    at jasmine.Spec.execute (/home/ubuntu/workspace/node_modules/jasmine-node/lib/jasmine-node/jasmine-1.3.1.js:2458:14)
    at jasmine.Queue.next_ (/home/ubuntu/workspace/node_modules/jasmine-node/lib/jasmine-node/jasmine-1.3.1.js:2177:31)
    at onComplete (/home/ubuntu/workspace/node_modules/jasmine-node/lib/jasmine-node/jasmine-1.3.1.js:2173:18)
    at jasmine.Spec.finish (/home/ubuntu/workspace/node_modules/jasmine-node/lib/jasmine-node/jasmine-1.3.1.js:2432:5)
    at null.onComplete (/home/ubuntu/workspace/node_modules/jasmine-node/lib/jasmine-node/jasmine-1.3.1.js:2459:10)
    at jasmine.Queue.next_ (/home/ubuntu/workspace/node_modules/jasmine-node/lib/jasmine-node/jasmine-1.3.1.js:2187:14)</failure><failure type="expect" message="spyOn could not find an object to spy upon for persistFavoriteStatus()">spyOn could not find an object to spy upon for persistFavoriteStatus()</failure></testcase>
</testsuite>
<testsuite name="Player.when song has been paused" errors="0" tests="2" failures="2" time="0.003" timestamp="2017-05-04T18:04:39">
  <testcase classname="Player.when song has been paused" name="should indicate that the song is currently paused" time="0.001"><failure type="expect" message="TypeError: jasmine.addMatchers is not a function">TypeError: jasmine.addMatchers is not a function
    at null.&amp;lt;anonymous&amp;gt; (/home/ubuntu/workspace/test-jasmine/spec/helpers/SpecHelper.js:4:11)
    at jasmine.Block.execute (/home/ubuntu/workspace/node_modules/jasmine-node/lib/jasmine-node/jasmine-1.3.1.js:1145:17)
    at jasmine.Queue.next_ (/home/ubuntu/workspace/node_modules/jasmine-node/lib/jasmine-node/jasmine-1.3.1.js:2177:31)
    at jasmine.Queue.start (/home/ubuntu/workspace/node_modules/jasmine-node/lib/jasmine-node/jasmine-1.3.1.js:2130:8)
    at jasmine.Spec.execute (/home/ubuntu/workspace/node_modules/jasmine-node/lib/jasmine-node/jasmine-1.3.1.js:2458:14)
    at jasmine.Queue.next_ (/home/ubuntu/workspace/node_modules/jasmine-node/lib/jasmine-node/jasmine-1.3.1.js:2177:31)
    at jasmine.Queue.start (/home/ubuntu/workspace/node_modules/jasmine-node/lib/jasmine-node/jasmine-1.3.1.js:2130:8)
    at jasmine.Suite.execute (/home/ubuntu/workspace/node_modules/jasmine-node/lib/jasmine-node/jasmine-1.3.1.js:2604:14)
    at jasmine.Queue.next_ (/home/ubuntu/workspace/node_modules/jasmine-node/lib/jasmine-node/jasmine-1.3.1.js:2177:31)
    at onComplete (/home/ubuntu/workspace/node_modules/jasmine-node/lib/jasmine-node/jasmine-1.3.1.js:2173:18)</failure><failure type="expect" message="ReferenceError: Player is not defined">ReferenceError: Player is not defined
    at null.&amp;lt;anonymous&amp;gt; (/home/ubuntu/workspace/test-jasmine/spec/PlayerSpec.js:6:18)
    at jasmine.Block.execute (/home/ubuntu/workspace/node_modules/jasmine-node/lib/jasmine-node/jasmine-1.3.1.js:1145:17)
    at jasmine.Queue.next_ (/home/ubuntu/workspace/node_modules/jasmine-node/lib/jasmine-node/jasmine-1.3.1.js:2177:31)
    at jasmine.Queue.start (/home/ubuntu/workspace/node_modules/jasmine-node/lib/jasmine-node/jasmine-1.3.1.js:2130:8)
    at jasmine.Spec.execute (/home/ubuntu/workspace/node_modules/jasmine-node/lib/jasmine-node/jasmine-1.3.1.js:2458:14)
    at jasmine.Queue.next_ (/home/ubuntu/workspace/node_modules/jasmine-node/lib/jasmine-node/jasmine-1.3.1.js:2177:31)
    at jasmine.Queue.start (/home/ubuntu/workspace/node_modules/jasmine-node/lib/jasmine-node/jasmine-1.3.1.js:2130:8)
    at jasmine.Suite.execute (/home/ubuntu/workspace/node_modules/jasmine-node/lib/jasmine-node/jasmine-1.3.1.js:2604:14)
    at jasmine.Queue.next_ (/home/ubuntu/workspace/node_modules/jasmine-node/lib/jasmine-node/jasmine-1.3.1.js:2177:31)
    at onComplete (/home/ubuntu/workspace/node_modules/jasmine-node/lib/jasmine-node/jasmine-1.3.1.js:2173:18)</failure><failure type="expect" message="TypeError: Cannot read property &amp;apos;play&amp;apos; of undefined">TypeError: Cannot read property &amp;apos;play&amp;apos; of undefined
    at null.&amp;lt;anonymous&amp;gt; (/home/ubuntu/workspace/test-jasmine/spec/PlayerSpec.js:20:13)
    at jasmine.Block.execute (/home/ubuntu/workspace/node_modules/jasmine-node/lib/jasmine-node/jasmine-1.3.1.js:1145:17)
    at jasmine.Queue.next_ (/home/ubuntu/workspace/node_modules/jasmine-node/lib/jasmine-node/jasmine-1.3.1.js:2177:31)
    at jasmine.Queue.start (/home/ubuntu/workspace/node_modules/jasmine-node/lib/jasmine-node/jasmine-1.3.1.js:2130:8)
    at jasmine.Spec.execute (/home/ubuntu/workspace/node_modules/jasmine-node/lib/jasmine-node/jasmine-1.3.1.js:2458:14)
    at jasmine.Queue.next_ (/home/ubuntu/workspace/node_modules/jasmine-node/lib/jasmine-node/jasmine-1.3.1.js:2177:31)
    at jasmine.Queue.start (/home/ubuntu/workspace/node_modules/jasmine-node/lib/jasmine-node/jasmine-1.3.1.js:2130:8)
    at jasmine.Suite.execute (/home/ubuntu/workspace/node_modules/jasmine-node/lib/jasmine-node/jasmine-1.3.1.js:2604:14)
    at jasmine.Queue.next_ (/home/ubuntu/workspace/node_modules/jasmine-node/lib/jasmine-node/jasmine-1.3.1.js:2177:31)
    at onComplete (/home/ubuntu/workspace/node_modules/jasmine-node/lib/jasmine-node/jasmine-1.3.1.js:2173:18)</failure><failure type="expect" message="TypeError: Cannot read property &amp;apos;isPlaying&amp;apos; of undefined">TypeError: Cannot read property &amp;apos;isPlaying&amp;apos; of undefined
    at null.&amp;lt;anonymous&amp;gt; (/home/ubuntu/workspace/test-jasmine/spec/PlayerSpec.js:25:20)
    at jasmine.Block.execute (/home/ubuntu/workspace/node_modules/jasmine-node/lib/jasmine-node/jasmine-1.3.1.js:1145:17)
    at jasmine.Queue.next_ (/home/ubuntu/workspace/node_modules/jasmine-node/lib/jasmine-node/jasmine-1.3.1.js:2177:31)
    at jasmine.Queue.start (/home/ubuntu/workspace/node_modules/jasmine-node/lib/jasmine-node/jasmine-1.3.1.js:2130:8)
    at jasmine.Spec.execute (/home/ubuntu/workspace/node_modules/jasmine-node/lib/jasmine-node/jasmine-1.3.1.js:2458:14)
    at jasmine.Queue.next_ (/home/ubuntu/workspace/node_modules/jasmine-node/lib/jasmine-node/jasmine-1.3.1.js:2177:31)
    at jasmine.Queue.start (/home/ubuntu/workspace/node_modules/jasmine-node/lib/jasmine-node/jasmine-1.3.1.js:2130:8)
    at jasmine.Suite.execute (/home/ubuntu/workspace/node_modules/jasmine-node/lib/jasmine-node/jasmine-1.3.1.js:2604:14)
    at jasmine.Queue.next_ (/home/ubuntu/workspace/node_modules/jasmine-node/lib/jasmine-node/jasmine-1.3.1.js:2177:31)
    at onComplete (/home/ubuntu/workspace/node_modules/jasmine-node/lib/jasmine-node/jasmine-1.3.1.js:2173:18)</failure></testcase>
  <testcase classname="Player.when song has been paused" name="should be possible to resume" time="0"><failure type="expect" message="TypeError: jasmine.addMatchers is not a function">TypeError: jasmine.addMatchers is not a function
    at null.&amp;lt;anonymous&amp;gt; (/home/ubuntu/workspace/test-jasmine/spec/helpers/SpecHelper.js:4:11)
    at jasmine.Block.execute (/home/ubuntu/workspace/node_modules/jasmine-node/lib/jasmine-node/jasmine-1.3.1.js:1145:17)
    at jasmine.Queue.next_ (/home/ubuntu/workspace/node_modules/jasmine-node/lib/jasmine-node/jasmine-1.3.1.js:2177:31)
    at jasmine.Queue.start (/home/ubuntu/workspace/node_modules/jasmine-node/lib/jasmine-node/jasmine-1.3.1.js:2130:8)
    at jasmine.Spec.execute (/home/ubuntu/workspace/node_modules/jasmine-node/lib/jasmine-node/jasmine-1.3.1.js:2458:14)
    at jasmine.Queue.next_ (/home/ubuntu/workspace/node_modules/jasmine-node/lib/jasmine-node/jasmine-1.3.1.js:2177:31)
    at jasmine.Queue.start (/home/ubuntu/workspace/node_modules/jasmine-node/lib/jasmine-node/jasmine-1.3.1.js:2130:8)
    at jasmine.Suite.execute (/home/ubuntu/workspace/node_modules/jasmine-node/lib/jasmine-node/jasmine-1.3.1.js:2604:14)
    at jasmine.Queue.next_ (/home/ubuntu/workspace/node_modules/jasmine-node/lib/jasmine-node/jasmine-1.3.1.js:2177:31)
    at onComplete (/home/ubuntu/workspace/node_modules/jasmine-node/lib/jasmine-node/jasmine-1.3.1.js:2173:18)</failure><failure type="expect" message="ReferenceError: Player is not defined">ReferenceError: Player is not defined
    at null.&amp;lt;anonymous&amp;gt; (/home/ubuntu/workspace/test-jasmine/spec/PlayerSpec.js:6:18)
    at jasmine.Block.execute (/home/ubuntu/workspace/node_modules/jasmine-node/lib/jasmine-node/jasmine-1.3.1.js:1145:17)
    at jasmine.Queue.next_ (/home/ubuntu/workspace/node_modules/jasmine-node/lib/jasmine-node/jasmine-1.3.1.js:2177:31)
    at jasmine.Queue.start (/home/ubuntu/workspace/node_modules/jasmine-node/lib/jasmine-node/jasmine-1.3.1.js:2130:8)
    at jasmine.Spec.execute (/home/ubuntu/workspace/node_modules/jasmine-node/lib/jasmine-node/jasmine-1.3.1.js:2458:14)
    at jasmine.Queue.next_ (/home/ubuntu/workspace/node_modules/jasmine-node/lib/jasmine-node/jasmine-1.3.1.js:2177:31)
    at jasmine.Queue.start (/home/ubuntu/workspace/node_modules/jasmine-node/lib/jasmine-node/jasmine-1.3.1.js:2130:8)
    at jasmine.Suite.execute (/home/ubuntu/workspace/node_modules/jasmine-node/lib/jasmine-node/jasmine-1.3.1.js:2604:14)
    at jasmine.Queue.next_ (/home/ubuntu/workspace/node_modules/jasmine-node/lib/jasmine-node/jasmine-1.3.1.js:2177:31)
    at onComplete (/home/ubuntu/workspace/node_modules/jasmine-node/lib/jasmine-node/jasmine-1.3.1.js:2173:18)</failure><failure type="expect" message="TypeError: Cannot read property &amp;apos;play&amp;apos; of undefined">TypeError: Cannot read property &amp;apos;play&amp;apos; of undefined
    at null.&amp;lt;anonymous&amp;gt; (/home/ubuntu/workspace/test-jasmine/spec/PlayerSpec.js:20:13)
    at jasmine.Block.execute (/home/ubuntu/workspace/node_modules/jasmine-node/lib/jasmine-node/jasmine-1.3.1.js:1145:17)
    at jasmine.Queue.next_ (/home/ubuntu/workspace/node_modules/jasmine-node/lib/jasmine-node/jasmine-1.3.1.js:2177:31)
    at jasmine.Queue.start (/home/ubuntu/workspace/node_modules/jasmine-node/lib/jasmine-node/jasmine-1.3.1.js:2130:8)
    at jasmine.Spec.execute (/home/ubuntu/workspace/node_modules/jasmine-node/lib/jasmine-node/jasmine-1.3.1.js:2458:14)
    at jasmine.Queue.next_ (/home/ubuntu/workspace/node_modules/jasmine-node/lib/jasmine-node/jasmine-1.3.1.js:2177:31)
    at jasmine.Queue.start (/home/ubuntu/workspace/node_modules/jasmine-node/lib/jasmine-node/jasmine-1.3.1.js:2130:8)
    at jasmine.Suite.execute (/home/ubuntu/workspace/node_modules/jasmine-node/lib/jasmine-node/jasmine-1.3.1.js:2604:14)
    at jasmine.Queue.next_ (/home/ubuntu/workspace/node_modules/jasmine-node/lib/jasmine-node/jasmine-1.3.1.js:2177:31)
    at onComplete (/home/ubuntu/workspace/node_modules/jasmine-node/lib/jasmine-node/jasmine-1.3.1.js:2173:18)</failure><failure type="expect" message="TypeError: Cannot read property &amp;apos;resume&amp;apos; of undefined">TypeError: Cannot read property &amp;apos;resume&amp;apos; of undefined
    at null.&amp;lt;anonymous&amp;gt; (/home/ubuntu/workspace/test-jasmine/spec/PlayerSpec.js:32:13)
    at jasmine.Block.execute (/home/ubuntu/workspace/node_modules/jasmine-node/lib/jasmine-node/jasmine-1.3.1.js:1145:17)
    at jasmine.Queue.next_ (/home/ubuntu/workspace/node_modules/jasmine-node/lib/jasmine-node/jasmine-1.3.1.js:2177:31)
    at jasmine.Queue.start (/home/ubuntu/workspace/node_modules/jasmine-node/lib/jasmine-node/jasmine-1.3.1.js:2130:8)
    at jasmine.Spec.execute (/home/ubuntu/workspace/node_modules/jasmine-node/lib/jasmine-node/jasmine-1.3.1.js:2458:14)
    at jasmine.Queue.next_ (/home/ubuntu/workspace/node_modules/jasmine-node/lib/jasmine-node/jasmine-1.3.1.js:2177:31)
    at jasmine.Queue.start (/home/ubuntu/workspace/node_modules/jasmine-node/lib/jasmine-node/jasmine-1.3.1.js:2130:8)
    at jasmine.Suite.execute (/home/ubuntu/workspace/node_modules/jasmine-node/lib/jasmine-node/jasmine-1.3.1.js:2604:14)
    at jasmine.Queue.next_ (/home/ubuntu/workspace/node_modules/jasmine-node/lib/jasmine-node/jasmine-1.3.1.js:2177:31)
    at onComplete (/home/ubuntu/workspace/node_modules/jasmine-node/lib/jasmine-node/jasmine-1.3.1.js:2173:18)</failure></testcase>
</testsuite>
<testsuite name="Player.#resume" errors="0" tests="1" failures="1" time="0.002" timestamp="2017-05-04T18:04:39">
  <testcase classname="Player.#resume" name="should throw an exception if song is already playing" time="0.002"><failure type="expect" message="TypeError: jasmine.addMatchers is not a function">TypeError: jasmine.addMatchers is not a function
    at null.&amp;lt;anonymous&amp;gt; (/home/ubuntu/workspace/test-jasmine/spec/helpers/SpecHelper.js:4:11)
    at jasmine.Block.execute (/home/ubuntu/workspace/node_modules/jasmine-node/lib/jasmine-node/jasmine-1.3.1.js:1145:17)
    at jasmine.Queue.next_ (/home/ubuntu/workspace/node_modules/jasmine-node/lib/jasmine-node/jasmine-1.3.1.js:2177:31)
    at jasmine.Queue.start (/home/ubuntu/workspace/node_modules/jasmine-node/lib/jasmine-node/jasmine-1.3.1.js:2130:8)
    at jasmine.Spec.execute (/home/ubuntu/workspace/node_modules/jasmine-node/lib/jasmine-node/jasmine-1.3.1.js:2458:14)
    at jasmine.Queue.next_ (/home/ubuntu/workspace/node_modules/jasmine-node/lib/jasmine-node/jasmine-1.3.1.js:2177:31)
    at jasmine.Queue.start (/home/ubuntu/workspace/node_modules/jasmine-node/lib/jasmine-node/jasmine-1.3.1.js:2130:8)
    at jasmine.Suite.execute (/home/ubuntu/workspace/node_modules/jasmine-node/lib/jasmine-node/jasmine-1.3.1.js:2604:14)
    at jasmine.Queue.next_ (/home/ubuntu/workspace/node_modules/jasmine-node/lib/jasmine-node/jasmine-1.3.1.js:2177:31)
    at onComplete (/home/ubuntu/workspace/node_modules/jasmine-node/lib/jasmine-node/jasmine-1.3.1.js:2173:18)</failure><failure type="expect" message="ReferenceError: Player is not defined">ReferenceError: Player is not defined
    at null.&amp;lt;anonymous&amp;gt; (/home/ubuntu/workspace/test-jasmine/spec/PlayerSpec.js:6:18)
    at jasmine.Block.execute (/home/ubuntu/workspace/node_modules/jasmine-node/lib/jasmine-node/jasmine-1.3.1.js:1145:17)
    at jasmine.Queue.next_ (/home/ubuntu/workspace/node_modules/jasmine-node/lib/jasmine-node/jasmine-1.3.1.js:2177:31)
    at jasmine.Queue.start (/home/ubuntu/workspace/node_modules/jasmine-node/lib/jasmine-node/jasmine-1.3.1.js:2130:8)
    at jasmine.Spec.execute (/home/ubuntu/workspace/node_modules/jasmine-node/lib/jasmine-node/jasmine-1.3.1.js:2458:14)
    at jasmine.Queue.next_ (/home/ubuntu/workspace/node_modules/jasmine-node/lib/jasmine-node/jasmine-1.3.1.js:2177:31)
    at jasmine.Queue.start (/home/ubuntu/workspace/node_modules/jasmine-node/lib/jasmine-node/jasmine-1.3.1.js:2130:8)
    at jasmine.Suite.execute (/home/ubuntu/workspace/node_modules/jasmine-node/lib/jasmine-node/jasmine-1.3.1.js:2604:14)
    at jasmine.Queue.next_ (/home/ubuntu/workspace/node_modules/jasmine-node/lib/jasmine-node/jasmine-1.3.1.js:2177:31)
    at onComplete (/home/ubuntu/workspace/node_modules/jasmine-node/lib/jasmine-node/jasmine-1.3.1.js:2173:18)</failure><failure type="expect" message="TypeError: Cannot read property &amp;apos;play&amp;apos; of undefined">TypeError: Cannot read property &amp;apos;play&amp;apos; of undefined
    at null.&amp;lt;anonymous&amp;gt; (/home/ubuntu/workspace/test-jasmine/spec/PlayerSpec.js:51:13)
    at jasmine.Block.execute (/home/ubuntu/workspace/node_modules/jasmine-node/lib/jasmine-node/jasmine-1.3.1.js:1145:17)
    at jasmine.Queue.next_ (/home/ubuntu/workspace/node_modules/jasmine-node/lib/jasmine-node/jasmine-1.3.1.js:2177:31)
    at jasmine.Queue.start (/home/ubuntu/workspace/node_modules/jasmine-node/lib/jasmine-node/jasmine-1.3.1.js:2130:8)
    at jasmine.Spec.execute (/home/ubuntu/workspace/node_modules/jasmine-node/lib/jasmine-node/jasmine-1.3.1.js:2458:14)
    at jasmine.Queue.next_ (/home/ubuntu/workspace/node_modules/jasmine-node/lib/jasmine-node/jasmine-1.3.1.js:2177:31)
    at jasmine.Queue.start (/home/ubuntu/workspace/node_modules/jasmine-node/lib/jasmine-node/jasmine-1.3.1.js:2130:8)
    at jasmine.Suite.execute (/home/ubuntu/workspace/node_modules/jasmine-node/lib/jasmine-node/jasmine-1.3.1.js:2604:14)
    at jasmine.Queue.next_ (/home/ubuntu/workspace/node_modules/jasmine-node/lib/jasmine-node/jasmine-1.3.1.js:2177:31)
    at onComplete (/home/ubuntu/workspace/node_modules/jasmine-node/lib/jasmine-node/jasmine-1.3.1.js:2173:18)</failure></testcase>
</testsuite>
</testsuites>