<?xml version="1.0" encoding="UTF-8" ?>
<testsuites>
<testsuite name="Song" errors="0" tests="1" failures="1" time="0.002" timestamp="2017-05-04T17:50:27">
  <testcase classname="Song" name="Song file should exist" time="0.001"><failure type="expect" message="TypeError: jasmine.getEnv(...).addMatchers is not a function">TypeError: jasmine.getEnv(...).addMatchers is not a function
    at null.&amp;lt;anonymous&amp;gt; (/home/ubuntu/workspace/spec/helpers/jasmine_examples/SpecHelper.js:2:20)
    at jasmine.Block.execute (/home/ubuntu/workspace/node_modules/jasmine-node/lib/jasmine-node/jasmine-1.3.1.js:1145:17)
    at jasmine.Queue.next_ (/home/ubuntu/workspace/node_modules/jasmine-node/lib/jasmine-node/jasmine-1.3.1.js:2177:31)
    at jasmine.Queue.start (/home/ubuntu/workspace/node_modules/jasmine-node/lib/jasmine-node/jasmine-1.3.1.js:2130:8)
    at jasmine.Spec.execute (/home/ubuntu/workspace/node_modules/jasmine-node/lib/jasmine-node/jasmine-1.3.1.js:2458:14)
    at jasmine.Queue.next_ (/home/ubuntu/workspace/node_modules/jasmine-node/lib/jasmine-node/jasmine-1.3.1.js:2177:31)
    at jasmine.Queue.start (/home/ubuntu/workspace/node_modules/jasmine-node/lib/jasmine-node/jasmine-1.3.1.js:2130:8)
    at jasmine.Suite.execute (/home/ubuntu/workspace/node_modules/jasmine-node/lib/jasmine-node/jasmine-1.3.1.js:2604:14)
    at jasmine.Queue.next_ (/home/ubuntu/workspace/node_modules/jasmine-node/lib/jasmine-node/jasmine-1.3.1.js:2177:31)
    at onComplete (/home/ubuntu/workspace/node_modules/jasmine-node/lib/jasmine-node/jasmine-1.3.1.js:2173:18)</failure></testcase>
</testsuite>
</testsuites>