<?xml version="1.0" encoding="UTF-8" ?>
<testsuites>
<testsuite name="Player" errors="0" tests="2" failures="2" time="0.006" timestamp="2017-05-04T17:50:27">
  <testcase classname="Player" name="should be able to play a Song" time="0.001"><failure type="expect" message="TypeError: jasmine.getEnv(...).addMatchers is not a function">TypeError: jasmine.getEnv(...).addMatchers is not a function
    at null.&amp;lt;anonymous&amp;gt; (/home/ubuntu/workspace/spec/helpers/jasmine_examples/SpecHelper.js:2:20)
    at jasmine.Block.execute (/home/ubuntu/workspace/node_modules/jasmine-node/lib/jasmine-node/jasmine-1.3.1.js:1145:17)
    at jasmine.Queue.next_ (/home/ubuntu/workspace/node_modules/jasmine-node/lib/jasmine-node/jasmine-1.3.1.js:2177:31)
    at jasmine.Queue.start (/home/ubuntu/workspace/node_modules/jasmine-node/lib/jasmine-node/jasmine-1.3.1.js:2130:8)
    at jasmine.Spec.execute (/home/ubuntu/workspace/node_modules/jasmine-node/lib/jasmine-node/jasmine-1.3.1.js:2458:14)
    at jasmine.Queue.next_ (/home/ubuntu/workspace/node_modules/jasmine-node/lib/jasmine-node/jasmine-1.3.1.js:2177:31)
    at jasmine.Queue.start (/home/ubuntu/workspace/node_modules/jasmine-node/lib/jasmine-node/jasmine-1.3.1.js:2130:8)
    at jasmine.Suite.execute (/home/ubuntu/workspace/node_modules/jasmine-node/lib/jasmine-node/jasmine-1.3.1.js:2604:14)
    at jasmine.Queue.next_ (/home/ubuntu/workspace/node_modules/jasmine-node/lib/jasmine-node/jasmine-1.3.1.js:2177:31)
    at onComplete (/home/ubuntu/workspace/node_modules/jasmine-node/lib/jasmine-node/jasmine-1.3.1.js:2173:18)</failure><failure type="expect" message="TypeError: expect(...).toBePlaying is not a function">TypeError: expect(...).toBePlaying is not a function
    at null.&amp;lt;anonymous&amp;gt; (/home/ubuntu/workspace/spec/jasmine_examples/PlayerSpec.js:37:20)
    at jasmine.Block.execute (/home/ubuntu/workspace/node_modules/jasmine-node/lib/jasmine-node/jasmine-1.3.1.js:1145:17)
    at jasmine.Queue.next_ (/home/ubuntu/workspace/node_modules/jasmine-node/lib/jasmine-node/jasmine-1.3.1.js:2177:31)
    at jasmine.Queue.start (/home/ubuntu/workspace/node_modules/jasmine-node/lib/jasmine-node/jasmine-1.3.1.js:2130:8)
    at jasmine.Spec.execute (/home/ubuntu/workspace/node_modules/jasmine-node/lib/jasmine-node/jasmine-1.3.1.js:2458:14)
    at jasmine.Queue.next_ (/home/ubuntu/workspace/node_modules/jasmine-node/lib/jasmine-node/jasmine-1.3.1.js:2177:31)
    at jasmine.Queue.start (/home/ubuntu/workspace/node_modules/jasmine-node/lib/jasmine-node/jasmine-1.3.1.js:2130:8)
    at jasmine.Suite.execute (/home/ubuntu/workspace/node_modules/jasmine-node/lib/jasmine-node/jasmine-1.3.1.js:2604:14)
    at jasmine.Queue.next_ (/home/ubuntu/workspace/node_modules/jasmine-node/lib/jasmine-node/jasmine-1.3.1.js:2177:31)
    at onComplete (/home/ubuntu/workspace/node_modules/jasmine-node/lib/jasmine-node/jasmine-1.3.1.js:2173:18)</failure></testcase>
  <testcase classname="Player" name="tells the current song if the user has made it a favorite" time="0.002"><failure type="expect" message="TypeError: jasmine.getEnv(...).addMatchers is not a function">TypeError: jasmine.getEnv(...).addMatchers is not a function
    at null.&amp;lt;anonymous&amp;gt; (/home/ubuntu/workspace/spec/helpers/jasmine_examples/SpecHelper.js:2:20)
    at jasmine.Block.execute (/home/ubuntu/workspace/node_modules/jasmine-node/lib/jasmine-node/jasmine-1.3.1.js:1145:17)
    at jasmine.Queue.next_ (/home/ubuntu/workspace/node_modules/jasmine-node/lib/jasmine-node/jasmine-1.3.1.js:2177:31)
    at jasmine.Queue.start (/home/ubuntu/workspace/node_modules/jasmine-node/lib/jasmine-node/jasmine-1.3.1.js:2130:8)
    at jasmine.Spec.execute (/home/ubuntu/workspace/node_modules/jasmine-node/lib/jasmine-node/jasmine-1.3.1.js:2458:14)
    at jasmine.Queue.next_ (/home/ubuntu/workspace/node_modules/jasmine-node/lib/jasmine-node/jasmine-1.3.1.js:2177:31)
    at jasmine.Queue.start (/home/ubuntu/workspace/node_modules/jasmine-node/lib/jasmine-node/jasmine-1.3.1.js:2130:8)
    at jasmine.Suite.execute (/home/ubuntu/workspace/node_modules/jasmine-node/lib/jasmine-node/jasmine-1.3.1.js:2604:14)
    at jasmine.Queue.next_ (/home/ubuntu/workspace/node_modules/jasmine-node/lib/jasmine-node/jasmine-1.3.1.js:2177:31)
    at onComplete (/home/ubuntu/workspace/node_modules/jasmine-node/lib/jasmine-node/jasmine-1.3.1.js:2173:18)</failure></testcase>
</testsuite>
<testsuite name="Player.when song has been paused" errors="0" tests="2" failures="2" time="0.002" timestamp="2017-05-04T17:50:27">
  <testcase classname="Player.when song has been paused" name="should indicate that the song is currently paused" time="0.001"><failure type="expect" message="TypeError: jasmine.getEnv(...).addMatchers is not a function">TypeError: jasmine.getEnv(...).addMatchers is not a function
    at null.&amp;lt;anonymous&amp;gt; (/home/ubuntu/workspace/spec/helpers/jasmine_examples/SpecHelper.js:2:20)
    at jasmine.Block.execute (/home/ubuntu/workspace/node_modules/jasmine-node/lib/jasmine-node/jasmine-1.3.1.js:1145:17)
    at jasmine.Queue.next_ (/home/ubuntu/workspace/node_modules/jasmine-node/lib/jasmine-node/jasmine-1.3.1.js:2177:31)
    at jasmine.Queue.start (/home/ubuntu/workspace/node_modules/jasmine-node/lib/jasmine-node/jasmine-1.3.1.js:2130:8)
    at jasmine.Spec.execute (/home/ubuntu/workspace/node_modules/jasmine-node/lib/jasmine-node/jasmine-1.3.1.js:2458:14)
    at jasmine.Queue.next_ (/home/ubuntu/workspace/node_modules/jasmine-node/lib/jasmine-node/jasmine-1.3.1.js:2177:31)
    at jasmine.Queue.start (/home/ubuntu/workspace/node_modules/jasmine-node/lib/jasmine-node/jasmine-1.3.1.js:2130:8)
    at jasmine.Suite.execute (/home/ubuntu/workspace/node_modules/jasmine-node/lib/jasmine-node/jasmine-1.3.1.js:2604:14)
    at jasmine.Queue.next_ (/home/ubuntu/workspace/node_modules/jasmine-node/lib/jasmine-node/jasmine-1.3.1.js:2177:31)
    at jasmine.Queue.start (/home/ubuntu/workspace/node_modules/jasmine-node/lib/jasmine-node/jasmine-1.3.1.js:2130:8)</failure><failure type="expect" message="TypeError: expect(...).not.toBePlaying is not a function">TypeError: expect(...).not.toBePlaying is not a function
    at null.&amp;lt;anonymous&amp;gt; (/home/ubuntu/workspace/spec/jasmine_examples/PlayerSpec.js:50:26)
    at jasmine.Block.execute (/home/ubuntu/workspace/node_modules/jasmine-node/lib/jasmine-node/jasmine-1.3.1.js:1145:17)
    at jasmine.Queue.next_ (/home/ubuntu/workspace/node_modules/jasmine-node/lib/jasmine-node/jasmine-1.3.1.js:2177:31)
    at jasmine.Queue.start (/home/ubuntu/workspace/node_modules/jasmine-node/lib/jasmine-node/jasmine-1.3.1.js:2130:8)
    at jasmine.Spec.execute (/home/ubuntu/workspace/node_modules/jasmine-node/lib/jasmine-node/jasmine-1.3.1.js:2458:14)
    at jasmine.Queue.next_ (/home/ubuntu/workspace/node_modules/jasmine-node/lib/jasmine-node/jasmine-1.3.1.js:2177:31)
    at jasmine.Queue.start (/home/ubuntu/workspace/node_modules/jasmine-node/lib/jasmine-node/jasmine-1.3.1.js:2130:8)
    at jasmine.Suite.execute (/home/ubuntu/workspace/node_modules/jasmine-node/lib/jasmine-node/jasmine-1.3.1.js:2604:14)
    at jasmine.Queue.next_ (/home/ubuntu/workspace/node_modules/jasmine-node/lib/jasmine-node/jasmine-1.3.1.js:2177:31)
    at jasmine.Queue.start (/home/ubuntu/workspace/node_modules/jasmine-node/lib/jasmine-node/jasmine-1.3.1.js:2130:8)</failure></testcase>
  <testcase classname="Player.when song has been paused" name="should be possible to resume" time="0.001"><failure type="expect" message="TypeError: jasmine.getEnv(...).addMatchers is not a function">TypeError: jasmine.getEnv(...).addMatchers is not a function
    at null.&amp;lt;anonymous&amp;gt; (/home/ubuntu/workspace/spec/helpers/jasmine_examples/SpecHelper.js:2:20)
    at jasmine.Block.execute (/home/ubuntu/workspace/node_modules/jasmine-node/lib/jasmine-node/jasmine-1.3.1.js:1145:17)
    at jasmine.Queue.next_ (/home/ubuntu/workspace/node_modules/jasmine-node/lib/jasmine-node/jasmine-1.3.1.js:2177:31)
    at jasmine.Queue.start (/home/ubuntu/workspace/node_modules/jasmine-node/lib/jasmine-node/jasmine-1.3.1.js:2130:8)
    at jasmine.Spec.execute (/home/ubuntu/workspace/node_modules/jasmine-node/lib/jasmine-node/jasmine-1.3.1.js:2458:14)
    at jasmine.Queue.next_ (/home/ubuntu/workspace/node_modules/jasmine-node/lib/jasmine-node/jasmine-1.3.1.js:2177:31)
    at jasmine.Queue.start (/home/ubuntu/workspace/node_modules/jasmine-node/lib/jasmine-node/jasmine-1.3.1.js:2130:8)
    at jasmine.Suite.execute (/home/ubuntu/workspace/node_modules/jasmine-node/lib/jasmine-node/jasmine-1.3.1.js:2604:14)
    at jasmine.Queue.next_ (/home/ubuntu/workspace/node_modules/jasmine-node/lib/jasmine-node/jasmine-1.3.1.js:2177:31)
    at jasmine.Queue.start (/home/ubuntu/workspace/node_modules/jasmine-node/lib/jasmine-node/jasmine-1.3.1.js:2130:8)</failure></testcase>
</testsuite>
<testsuite name="Player.#resume" errors="0" tests="1" failures="1" time="0.001" timestamp="2017-05-04T17:50:27">
  <testcase classname="Player.#resume" name="should throw an exception if song is already playing" time="0.001"><failure type="expect" message="TypeError: jasmine.getEnv(...).addMatchers is not a function">TypeError: jasmine.getEnv(...).addMatchers is not a function
    at null.&amp;lt;anonymous&amp;gt; (/home/ubuntu/workspace/spec/helpers/jasmine_examples/SpecHelper.js:2:20)
    at jasmine.Block.execute (/home/ubuntu/workspace/node_modules/jasmine-node/lib/jasmine-node/jasmine-1.3.1.js:1145:17)
    at jasmine.Queue.next_ (/home/ubuntu/workspace/node_modules/jasmine-node/lib/jasmine-node/jasmine-1.3.1.js:2177:31)
    at jasmine.Queue.start (/home/ubuntu/workspace/node_modules/jasmine-node/lib/jasmine-node/jasmine-1.3.1.js:2130:8)
    at jasmine.Spec.execute (/home/ubuntu/workspace/node_modules/jasmine-node/lib/jasmine-node/jasmine-1.3.1.js:2458:14)
    at jasmine.Queue.next_ (/home/ubuntu/workspace/node_modules/jasmine-node/lib/jasmine-node/jasmine-1.3.1.js:2177:31)
    at jasmine.Queue.start (/home/ubuntu/workspace/node_modules/jasmine-node/lib/jasmine-node/jasmine-1.3.1.js:2130:8)
    at jasmine.Suite.execute (/home/ubuntu/workspace/node_modules/jasmine-node/lib/jasmine-node/jasmine-1.3.1.js:2604:14)
    at jasmine.Queue.next_ (/home/ubuntu/workspace/node_modules/jasmine-node/lib/jasmine-node/jasmine-1.3.1.js:2177:31)
    at jasmine.Queue.start (/home/ubuntu/workspace/node_modules/jasmine-node/lib/jasmine-node/jasmine-1.3.1.js:2130:8)</failure><failure type="expect" message="TypeError: expect(...).toThrowError is not a function">TypeError: expect(...).toThrowError is not a function
    at null.&amp;lt;anonymous&amp;gt; (/home/ubuntu/workspace/spec/jasmine_examples/PlayerSpec.js:77:10)
    at jasmine.Block.execute (/home/ubuntu/workspace/node_modules/jasmine-node/lib/jasmine-node/jasmine-1.3.1.js:1145:17)
    at jasmine.Queue.next_ (/home/ubuntu/workspace/node_modules/jasmine-node/lib/jasmine-node/jasmine-1.3.1.js:2177:31)
    at jasmine.Queue.start (/home/ubuntu/workspace/node_modules/jasmine-node/lib/jasmine-node/jasmine-1.3.1.js:2130:8)
    at jasmine.Spec.execute (/home/ubuntu/workspace/node_modules/jasmine-node/lib/jasmine-node/jasmine-1.3.1.js:2458:14)
    at jasmine.Queue.next_ (/home/ubuntu/workspace/node_modules/jasmine-node/lib/jasmine-node/jasmine-1.3.1.js:2177:31)
    at jasmine.Queue.start (/home/ubuntu/workspace/node_modules/jasmine-node/lib/jasmine-node/jasmine-1.3.1.js:2130:8)
    at jasmine.Suite.execute (/home/ubuntu/workspace/node_modules/jasmine-node/lib/jasmine-node/jasmine-1.3.1.js:2604:14)
    at jasmine.Queue.next_ (/home/ubuntu/workspace/node_modules/jasmine-node/lib/jasmine-node/jasmine-1.3.1.js:2177:31)
    at jasmine.Queue.start (/home/ubuntu/workspace/node_modules/jasmine-node/lib/jasmine-node/jasmine-1.3.1.js:2130:8)</failure></testcase>
</testsuite>
</testsuites>