<?xml version="1.0" encoding="UTF-8" ?>
<testsuites>
 <testsuite name="Song" timestamp="2017-05-04T18:25:45" hostname="localhost" time="0.001" errors="0" tests="1" skipped="0" disabled="0" failures="0">
  <testcase classname="Song" name="Song file should exist" time="0.001" />
 </testsuite>
</testsuites>